[ndz  1 lut 11:09:33 2026 CET] Usunięto: zadanie2.c
[ndz  1 lut 11:09:35 2026 CET] Usunięto: CMakeLists.txt
[ndz  1 lut 11:09:37 2026 CET] Usunięto: cmake-build-debug
[ndz  1 lut 11:09:39 2026 CET] Usunięto: cmake-build-debug
[ndz  1 lut 11:57:36 2026 CET] Usunięto: 
[ndz  1 lut 11:57:38 2026 CET] Usunięto: 
[ndz  1 lut 11:57:40 2026 CET] Usunięto: 
[ndz  1 lut 11:57:42 2026 CET] Usunięto: 
[ndz  1 lut 11:57:44 2026 CET] Usunięto: 
[ndz  1 lut 11:57:46 2026 CET] Usunięto: 
[ndz  1 lut 11:57:48 2026 CET] Usunięto: 
[ndz  1 lut 11:57:50 2026 CET] Usunięto: 
[ndz  1 lut 11:57:52 2026 CET] Usunięto: 
[ndz  1 lut 11:57:54 2026 CET] Usunięto: 
[ndz  1 lut 11:57:56 2026 CET] Usunięto: 
[ndz  1 lut 11:58:51 2026 CET] Usunięto: 
[ndz  1 lut 11:58:53 2026 CET] Usunięto: 
[ndz  1 lut 11:58:55 2026 CET] Usunięto: 
[ndz  1 lut 11:58:57 2026 CET] Usunięto: 
[ndz  1 lut 11:58:59 2026 CET] Usunięto: 
[ndz  1 lut 11:59:01 2026 CET] Usunięto: 
[ndz  1 lut 11:59:03 2026 CET] Usunięto: 
[ndz  1 lut 11:59:05 2026 CET] Usunięto: 
[ndz  1 lut 11:59:07 2026 CET] Usunięto: 
[ndz  1 lut 11:59:09 2026 CET] Usunięto: 
[ndz  1 lut 11:59:11 2026 CET] Usunięto: 
[ndz  1 lut 11:59:13 2026 CET] Usunięto: 
[ndz  1 lut 11:59:15 2026 CET] Usunięto: 
[ndz  1 lut 11:59:17 2026 CET] Usunięto: 
[ndz  1 lut 11:59:19 2026 CET] Usunięto: 
[ndz  1 lut 11:59:21 2026 CET] Usunięto: 
[ndz  1 lut 11:59:23 2026 CET] Usunięto: 
[ndz  1 lut 11:59:25 2026 CET] Usunięto: 
[ndz  1 lut 11:59:27 2026 CET] Usunięto: 
[ndz  1 lut 11:59:29 2026 CET] Usunięto: 
[ndz  1 lut 11:59:31 2026 CET] Usunięto: 
[ndz  1 lut 11:59:34 2026 CET] Usunięto: 
[ndz  1 lut 11:59:36 2026 CET] Usunięto: 
[ndz  1 lut 11:59:38 2026 CET] Usunięto: 
[ndz  1 lut 11:59:40 2026 CET] Usunięto: 
[ndz  1 lut 11:59:42 2026 CET] Usunięto: 
[ndz  1 lut 11:59:44 2026 CET] Usunięto: 
[ndz  1 lut 11:59:46 2026 CET] Usunięto: 
[ndz  1 lut 11:59:48 2026 CET] Usunięto: 
[ndz  1 lut 11:59:50 2026 CET] Usunięto: 
[ndz  1 lut 11:59:52 2026 CET] Usunięto: 
[ndz  1 lut 11:59:54 2026 CET] Usunięto: 
[ndz  1 lut 11:59:56 2026 CET] Usunięto: 
[ndz  1 lut 11:59:58 2026 CET] Usunięto: 
[ndz  1 lut 12:00:00 2026 CET] Usunięto: 
[ndz  1 lut 12:00:02 2026 CET] Usunięto: 
[ndz  1 lut 12:00:04 2026 CET] Usunięto: 
[ndz  1 lut 12:00:06 2026 CET] Usunięto: 
[ndz  1 lut 12:00:09 2026 CET] Usunięto: 1
[ndz  1 lut 12:00:11 2026 CET] Usunięto: 2
[ndz  1 lut 12:00:14 2026 CET] Usunięto: 3
[ndz  1 lut 12:00:16 2026 CET] Usunięto: 4
[ndz  1 lut 12:00:18 2026 CET] Usunięto: 5
[ndz  1 lut 12:00:20 2026 CET] Usunięto: 6
